<?xml version="1.0" encoding="UTF-8"?>
<testng-results ignored="0" total="1" passed="1" failed="0" skipped="0">
  <reporter-output>
  </reporter-output>
  <suite started-at="2024-10-27T23:11:12 EET" name="Suite" finished-at="2024-10-27T23:11:16 EET" duration-ms="4638">
    <groups>
    </groups>
    <test started-at="2024-10-27T23:11:12 EET" name="Test" finished-at="2024-10-27T23:11:16 EET" duration-ms="4638">
      <class name="com.application.testcases.Login">
        <test-method is-config="true" signature="setupSuite()[pri:0, instance:com.application.testcases.Login@19d481b]" started-at="2024-10-27T23:11:11 EET" name="setupSuite" finished-at="2024-10-27T23:11:12 EET" duration-ms="548" status="PASS">
          <reporter-output>
          </reporter-output>
        </test-method> <!-- setupSuite -->
        <test-method is-config="true" signature="setup()[pri:0, instance:com.application.testcases.Login@19d481b]" started-at="2024-10-27T23:11:12 EET" name="setup" finished-at="2024-10-27T23:11:14 EET" duration-ms="1902" status="PASS">
          <reporter-output>
          </reporter-output>
        </test-method> <!-- setup -->
        <test-method signature="LoginApp()[pri:0, instance:com.application.testcases.Login@19d481b]" started-at="2024-10-27T23:11:14 EET" name="LoginApp" finished-at="2024-10-27T23:11:16 EET" duration-ms="2539" status="PASS">
          <reporter-output>
          </reporter-output>
        </test-method> <!-- LoginApp -->
        <test-method is-config="true" signature="tearDownMethod(org.testng.ITestResult)[pri:0, instance:com.application.testcases.Login@19d481b]" started-at="2024-10-27T23:11:16 EET" name="tearDownMethod" finished-at="2024-10-27T23:11:16 EET" duration-ms="2" status="PASS">
          <params>
            <param index="0">
              <value>
                <![CDATA[[TestResult name=LoginApp status=SUCCESS method=Login.LoginApp()[pri:0, instance:com.application.testcases.Login@19d481b] output={null}]]]>
              </value>
            </param>
          </params>
          <reporter-output>
          </reporter-output>
        </test-method> <!-- tearDownMethod -->
        <test-method is-config="true" signature="tearDwon()[pri:0, instance:com.application.testcases.Login@19d481b]" started-at="2024-10-27T23:11:16 EET" name="tearDwon" finished-at="2024-10-27T23:11:16 EET" duration-ms="162" status="PASS">
          <reporter-output>
          </reporter-output>
        </test-method> <!-- tearDwon -->
      </class> <!-- com.application.testcases.Login -->
    </test> <!-- Test -->
  </suite> <!-- Suite -->
</testng-results>
