<?xml version="1.0" encoding="UTF-8"?>
<testng-results ignored="0" total="1" passed="1" failed="0" skipped="0">
  <reporter-output>
    <line>
      <![CDATA[Setting up reports - Test ready]]>
    </line>
    <line>
      <![CDATA[Config Done - Test Started]]>
    </line>
    <line>
      <![CDATA[Starting browser - Browser Ready]]>
    </line>
    <line>
      <![CDATA[Browser Running]]>
    </line>
    <line>
      <![CDATA[Test is about to end]]>
    </line>
    <line>
      <![CDATA[Test done - Reports generated]]>
    </line>
  </reporter-output>
  <suite started-at="2024-10-28T16:18:36 EET" name="Suite" finished-at="2024-10-28T16:18:41 EET" duration-ms="4917">
    <groups>
    </groups>
    <test started-at="2024-10-28T16:18:36 EET" name="Test" finished-at="2024-10-28T16:18:41 EET" duration-ms="4917">
      <class name="com.application.testcases.Login">
        <test-method is-config="true" signature="setupSuite()[pri:0, instance:com.application.testcases.Login@140c9f39]" started-at="2024-10-28T16:18:35 EET" name="setupSuite" finished-at="2024-10-28T16:18:36 EET" duration-ms="953" status="PASS">
          <reporter-output>
            <line>
              <![CDATA[Setting up reports - Test ready]]>
            </line>
            <line>
              <![CDATA[Config Done - Test Started]]>
            </line>
          </reporter-output>
        </test-method> <!-- setupSuite -->
        <test-method is-config="true" signature="setup()[pri:0, instance:com.application.testcases.Login@140c9f39]" started-at="2024-10-28T16:18:36 EET" name="setup" finished-at="2024-10-28T16:18:38 EET" duration-ms="2002" status="PASS">
          <reporter-output>
            <line>
              <![CDATA[Starting browser - Browser Ready]]>
            </line>
            <line>
              <![CDATA[Browser Running]]>
            </line>
          </reporter-output>
        </test-method> <!-- setup -->
        <test-method signature="LoginApp()[pri:0, instance:com.application.testcases.Login@140c9f39]" started-at="2024-10-28T16:18:38 EET" name="LoginApp" finished-at="2024-10-28T16:18:40 EET" duration-ms="2294" status="PASS">
          <reporter-output>
          </reporter-output>
        </test-method> <!-- LoginApp -->
        <test-method is-config="true" signature="tearDownMethod(org.testng.ITestResult)[pri:0, instance:com.application.testcases.Login@140c9f39]" started-at="2024-10-28T16:18:40 EET" name="tearDownMethod" finished-at="2024-10-28T16:18:41 EET" duration-ms="433" status="PASS">
          <params>
            <param index="0">
              <value>
                <![CDATA[[TestResult name=LoginApp status=SUCCESS method=Login.LoginApp()[pri:0, instance:com.application.testcases.Login@140c9f39] output={null}]]]>
              </value>
            </param>
          </params>
          <reporter-output>
            <line>
              <![CDATA[Test is about to end]]>
            </line>
            <line>
              <![CDATA[Test done - Reports generated]]>
            </line>
          </reporter-output>
        </test-method> <!-- tearDownMethod -->
        <test-method is-config="true" signature="tearDwon()[pri:0, instance:com.application.testcases.Login@140c9f39]" started-at="2024-10-28T16:18:41 EET" name="tearDwon" finished-at="2024-10-28T16:18:41 EET" duration-ms="157" status="PASS">
          <reporter-output>
          </reporter-output>
        </test-method> <!-- tearDwon -->
      </class> <!-- com.application.testcases.Login -->
    </test> <!-- Test -->
  </suite> <!-- Suite -->
</testng-results>
